<?xml version="1.0" encoding="UTF-8"?>
<!-- Generated by org.testng.reporters.JUnitReportReporter -->
<testsuite skipped="0" hostname="yuvaraj" name="googlePage.GmailPg" tests="1" failures="0" timestamp="22 Apr 2021 09:28:51 GMT" time="21.213" errors="0">
  <testcase name="showPg" time="21.213" classname="googlePage.GmailPg"/>
</testsuite> <!-- googlePage.GmailPg -->
